This is pdfTeX, Version 3.14159265-2.6-1.40.16 (TeX Live 2015) (preloaded format=pdflatex 2015.5.24)  10 SEP 2015 04:13
entering extended mode
 restricted \write18 enabled.
 file:line:error style messages enabled.
 %&-line parsing enabled.
**ScintillatorPaper.tex
(./ScintillatorPaper.tex
LaTeX2e <2015/01/01>
Babel <3.9l> and hyphenation patterns for 79 languages loaded.
(./JINST.cls
Document Class: JINST 2006/07/11 v1.0.1 LaTeX document class - P.D.
(/usr/local/texlive/2015/texmf-dist/tex/latex/amsfonts/amssymb.sty
Package: amssymb 2013/01/14 v3.01 AMS font symbols

(/usr/local/texlive/2015/texmf-dist/tex/latex/amsfonts/amsfonts.sty
Package: amsfonts 2013/01/14 v3.01 Basic AMSFonts support
\@emptytoks=\toks14
\symAMSa=\mathgroup4
\symAMSb=\mathgroup5
LaTeX Font Info:    Overwriting math alphabet `\mathfrak' in version `bold'
(Font)                  U/euf/m/n --> U/euf/b/n on input line 106.
))
(/usr/local/texlive/2015/texmf-dist/tex/latex/base/fontenc.sty
Package: fontenc 2005/09/27 v1.99g Standard LaTeX package

(/usr/local/texlive/2015/texmf-dist/tex/latex/base/t1enc.def
File: t1enc.def 2005/09/27 v1.99g Standard LaTeX file
LaTeX Font Info:    Redeclaring font encoding T1 on input line 48.
))
(/usr/local/texlive/2015/texmf-dist/tex/latex/psnfss/times.sty
Package: times 2005/04/12 PSNFSS-v9.2a (SPQR) 
)
(/usr/local/texlive/2015/texmf-dist/tex/latex/psnfss/mathptmx.sty
Package: mathptmx 2005/04/12 PSNFSS-v9.2a Times w/ Math, improved (SPQR, WaS) 
LaTeX Font Info:    Redeclaring symbol font `operators' on input line 28.
LaTeX Font Info:    Overwriting symbol font `operators' in version `normal'
(Font)                  OT1/cmr/m/n --> OT1/ztmcm/m/n on input line 28.
LaTeX Font Info:    Overwriting symbol font `operators' in version `bold'
(Font)                  OT1/cmr/bx/n --> OT1/ztmcm/m/n on input line 28.
LaTeX Font Info:    Redeclaring symbol font `letters' on input line 29.
LaTeX Font Info:    Overwriting symbol font `letters' in version `normal'
(Font)                  OML/cmm/m/it --> OML/ztmcm/m/it on input line 29.
LaTeX Font Info:    Overwriting symbol font `letters' in version `bold'
(Font)                  OML/cmm/b/it --> OML/ztmcm/m/it on input line 29.
LaTeX Font Info:    Redeclaring symbol font `symbols' on input line 30.
LaTeX Font Info:    Overwriting symbol font `symbols' in version `normal'
(Font)                  OMS/cmsy/m/n --> OMS/ztmcm/m/n on input line 30.
LaTeX Font Info:    Overwriting symbol font `symbols' in version `bold'
(Font)                  OMS/cmsy/b/n --> OMS/ztmcm/m/n on input line 30.
LaTeX Font Info:    Redeclaring symbol font `largesymbols' on input line 31.
LaTeX Font Info:    Overwriting symbol font `largesymbols' in version `normal'
(Font)                  OMX/cmex/m/n --> OMX/ztmcm/m/n on input line 31.
LaTeX Font Info:    Overwriting symbol font `largesymbols' in version `bold'
(Font)                  OMX/cmex/m/n --> OMX/ztmcm/m/n on input line 31.
\symbold=\mathgroup6
\symitalic=\mathgroup7
LaTeX Font Info:    Redeclaring math alphabet \mathbf on input line 34.
LaTeX Font Info:    Overwriting math alphabet `\mathbf' in version `normal'
(Font)                  OT1/cmr/bx/n --> OT1/ptm/bx/n on input line 34.
LaTeX Font Info:    Overwriting math alphabet `\mathbf' in version `bold'
(Font)                  OT1/cmr/bx/n --> OT1/ptm/bx/n on input line 34.
LaTeX Font Info:    Redeclaring math alphabet \mathit on input line 35.
LaTeX Font Info:    Overwriting math alphabet `\mathit' in version `normal'
(Font)                  OT1/cmr/m/it --> OT1/ptm/m/it on input line 35.
LaTeX Font Info:    Overwriting math alphabet `\mathit' in version `bold'
(Font)                  OT1/cmr/bx/it --> OT1/ptm/m/it on input line 35.
LaTeX Info: Redefining \hbar on input line 50.
)
(/usr/local/texlive/2015/texmf-dist/tex/latex/graphics/graphicx.sty
Package: graphicx 2014/10/28 v1.0g Enhanced LaTeX Graphics (DPC,SPQR)

(/usr/local/texlive/2015/texmf-dist/tex/latex/graphics/keyval.sty
Package: keyval 2014/10/28 v1.15 key=value parser (DPC)
\KV@toks@=\toks15
)
(/usr/local/texlive/2015/texmf-dist/tex/latex/graphics/graphics.sty
Package: graphics 2014/10/28 v1.0p Standard LaTeX Graphics (DPC,SPQR)

(/usr/local/texlive/2015/texmf-dist/tex/latex/graphics/trig.sty
Package: trig 1999/03/16 v1.09 sin cos tan (DPC)
)
(/usr/local/texlive/2015/texmf-dist/tex/latex/latexconfig/graphics.cfg
File: graphics.cfg 2010/04/23 v1.9 graphics configuration of TeX Live
)
Package graphics Info: Driver file: pdftex.def on input line 94.

(/usr/local/texlive/2015/texmf-dist/tex/latex/pdftex-def/pdftex.def
File: pdftex.def 2011/05/27 v0.06d Graphics/color for pdfTeX

(/usr/local/texlive/2015/texmf-dist/tex/generic/oberdiek/infwarerr.sty
Package: infwarerr 2010/04/08 v1.3 Providing info/warning/error messages (HO)
)
(/usr/local/texlive/2015/texmf-dist/tex/generic/oberdiek/ltxcmds.sty
Package: ltxcmds 2011/11/09 v1.22 LaTeX kernel commands for general use (HO)
)
\Gread@gobject=\count79
))
\Gin@req@height=\dimen102
\Gin@req@width=\dimen103
)
\symforjmath=\mathgroup8

(/usr/local/texlive/2015/texmf-dist/tex/latex/base/size11.clo
File: size11.clo 2014/09/29 v1.4h Standard LaTeX file (size option)
)
(/usr/local/texlive/2015/texmf-dist/tex/generic/pdftex/pdfcolor.tex)
\titlesk@ja=\skip41
\titlesk@jb=\skip42
\titlesk@jc=\skip43
\c@part=\count80
\c@section=\count81
\c@subsection=\count82
\c@subsubsection=\count83
\c@paragraph=\count84
\c@subparagraph=\count85
\prev@t=\toks16
\cur@t=\toks17
\@firstaubox=\box26
\addr@skip=\skip44
\auth@skip=\skip45
\Jcopy@date=\box27
\Jspecial@url=\box28
\Jpaper@url=\box29
LaTeX Font Info:    Try loading font information for T1+pcr on input line 809.

(/usr/local/texlive/2015/texmf-dist/tex/latex/psnfss/t1pcr.fd
File: t1pcr.fd 2001/06/04 font definitions for T1/pcr.
)
\c@figure=\count86
\c@table=\count87
\c@OptionTest=\count88
\@tmpbox=\box30
\figbox=\box31
\tabbox=\box32
\pagebox=\box33
\ffigcount=\count89
\ftabcount=\count90
\hangcount=\count91
\nosuccesstryfig=\count92
\nosuccesstrytab=\count93
\figgutter=\dimen104
\tabgutter=\dimen105
\fl@wd=\dimen106
\fl@ht=\dimen107
\htdone=\dimen108
\pageht=\dimen109
\startpageht=\dimen110
\floatfltwidth=\dimen111
\fltitemwidth=\dimen112
\outputpretest=\toks18
\abovecaptionskip=\skip46
\belowcaptionskip=\skip47
\bibindent=\dimen113


Class JINST Warning: ATTENTION!!! watermark disabled. Add it with pdftk (use co
mpilaJINSTpdflatex for instance).

) (/usr/local/texlive/2015/texmf-dist/tex/latex/subfigure/subfigure.sty
Package: subfigure 2002/03/15 v2.1.5 subfigure package
\subfigtopskip=\skip48
\subfigcapskip=\skip49
\subfigcaptopadj=\dimen114
\subfigbottomskip=\skip50
\subfigcapmargin=\dimen115
\subfiglabelskip=\skip51
\c@subfigure=\count94
\c@lofdepth=\count95
\c@subtable=\count96
\c@lotdepth=\count97

****************************************
* Local config file subfigure.cfg used *
****************************************
(/usr/local/texlive/2015/texmf-dist/tex/latex/subfigure/subfigure.cfg)
\subfig@top=\skip52
\subfig@bottom=\skip53
)
(./ScintillatorPaper.aux)
\openout1 = `ScintillatorPaper.aux'.

LaTeX Font Info:    Checking defaults for OML/cmm/m/it on input line 16.
LaTeX Font Info:    ... okay on input line 16.
LaTeX Font Info:    Checking defaults for T1/cmr/m/n on input line 16.
LaTeX Font Info:    ... okay on input line 16.
LaTeX Font Info:    Checking defaults for OT1/cmr/m/n on input line 16.
LaTeX Font Info:    ... okay on input line 16.
LaTeX Font Info:    Checking defaults for OMS/cmsy/m/n on input line 16.
LaTeX Font Info:    ... okay on input line 16.
LaTeX Font Info:    Checking defaults for OMX/cmex/m/n on input line 16.
LaTeX Font Info:    ... okay on input line 16.
LaTeX Font Info:    Checking defaults for U/cmr/m/n on input line 16.
LaTeX Font Info:    ... okay on input line 16.
LaTeX Font Info:    Try loading font information for T1+ptm on input line 16.

(/usr/local/texlive/2015/texmf-dist/tex/latex/psnfss/t1ptm.fd
File: t1ptm.fd 2001/06/04 font definitions for T1/ptm.
)
\big@size=\dimen116

(/usr/local/texlive/2015/texmf-dist/tex/context/base/supp-pdf.mkii
[Loading MPS to PDF converter (version 2006.09.02).]
\scratchcounter=\count98
\scratchdimen=\dimen117
\scratchbox=\box34
\nofMPsegments=\count99
\nofMParguments=\count100
\everyMPshowfont=\toks19
\MPscratchCnt=\count101
\MPscratchDim=\dimen118
\MPnumerator=\count102
\makeMPintoPDFobject=\count103
\everyMPtoPDFconversion=\toks20
) (/usr/local/texlive/2015/texmf-dist/tex/generic/oberdiek/pdftexcmds.sty
Package: pdftexcmds 2011/11/29 v0.20 Utility functions of pdfTeX for LuaTeX (HO
)

(/usr/local/texlive/2015/texmf-dist/tex/generic/oberdiek/ifluatex.sty
Package: ifluatex 2010/03/01 v1.3 Provides the ifluatex switch (HO)
Package ifluatex Info: LuaTeX not detected.
)
(/usr/local/texlive/2015/texmf-dist/tex/generic/oberdiek/ifpdf.sty
Package: ifpdf 2011/01/30 v2.3 Provides the ifpdf switch (HO)
Package ifpdf Info: pdfTeX in PDF mode is detected.
)
Package pdftexcmds Info: LuaTeX not detected.
Package pdftexcmds Info: \pdf@primitive is available.
Package pdftexcmds Info: \pdf@ifprimitive is available.
Package pdftexcmds Info: \pdfdraftmode found.
)
(/usr/local/texlive/2015/texmf-dist/tex/latex/oberdiek/epstopdf-base.sty
Package: epstopdf-base 2010/02/09 v2.5 Base part for package epstopdf

(/usr/local/texlive/2015/texmf-dist/tex/latex/oberdiek/grfext.sty
Package: grfext 2010/08/19 v1.1 Manage graphics extensions (HO)

(/usr/local/texlive/2015/texmf-dist/tex/generic/oberdiek/kvdefinekeys.sty
Package: kvdefinekeys 2011/04/07 v1.3 Define keys (HO)
))
(/usr/local/texlive/2015/texmf-dist/tex/latex/oberdiek/kvoptions.sty
Package: kvoptions 2011/06/30 v3.11 Key value format for package options (HO)

(/usr/local/texlive/2015/texmf-dist/tex/generic/oberdiek/kvsetkeys.sty
Package: kvsetkeys 2012/04/25 v1.16 Key value parser (HO)

(/usr/local/texlive/2015/texmf-dist/tex/generic/oberdiek/etexcmds.sty
Package: etexcmds 2011/02/16 v1.5 Avoid name clashes with e-TeX commands (HO)
Package etexcmds Info: Could not find \expanded.
(etexcmds)             That can mean that you are not using pdfTeX 1.50 or
(etexcmds)             that some package has redefined \expanded.
(etexcmds)             In the latter case, load this package earlier.
)))
Package grfext Info: Graphics extension search list:
(grfext)             [.pdf,.jpg,.jpeg,.eps]
(grfext)             \AppendGraphicsExtensions on input line 452.

(/usr/local/texlive/2015/texmf-dist/tex/latex/latexconfig/epstopdf-sys.cfg
File: epstopdf-sys.cfg 2010/07/13 v1.3 Configuration of (r)epstopdf for TeX Liv
e
))
LaTeX Font Info:    Try loading font information for OT1+ztmcm on input line 16
.

(/usr/local/texlive/2015/texmf-dist/tex/latex/psnfss/ot1ztmcm.fd
File: ot1ztmcm.fd 2000/01/03 Fontinst v1.801 font definitions for OT1/ztmcm.
)
LaTeX Font Info:    Try loading font information for OML+ztmcm on input line 16
.

(/usr/local/texlive/2015/texmf-dist/tex/latex/psnfss/omlztmcm.fd
File: omlztmcm.fd 2000/01/03 Fontinst v1.801 font definitions for OML/ztmcm.
)
LaTeX Font Info:    Try loading font information for OMS+ztmcm on input line 16
.

(/usr/local/texlive/2015/texmf-dist/tex/latex/psnfss/omsztmcm.fd
File: omsztmcm.fd 2000/01/03 Fontinst v1.801 font definitions for OMS/ztmcm.
)
LaTeX Font Info:    Try loading font information for OMX+ztmcm on input line 16
.

(/usr/local/texlive/2015/texmf-dist/tex/latex/psnfss/omxztmcm.fd
File: omxztmcm.fd 2000/01/03 Fontinst v1.801 font definitions for OMX/ztmcm.
)
LaTeX Font Info:    Try loading font information for OT1+ptm on input line 16.

(/usr/local/texlive/2015/texmf-dist/tex/latex/psnfss/ot1ptm.fd
File: ot1ptm.fd 2001/06/04 font definitions for OT1/ptm.
)
LaTeX Font Info:    Font shape `OT1/ptm/bx/n' in size <10.95> not available
(Font)              Font shape `OT1/ptm/b/n' tried instead on input line 16.
LaTeX Font Info:    Font shape `OT1/ptm/bx/n' in size <8> not available
(Font)              Font shape `OT1/ptm/b/n' tried instead on input line 16.
LaTeX Font Info:    Font shape `OT1/ptm/bx/n' in size <6> not available
(Font)              Font shape `OT1/ptm/b/n' tried instead on input line 16.
LaTeX Font Info:    Try loading font information for T1+phv on input line 16.

(/usr/local/texlive/2015/texmf-dist/tex/latex/psnfss/t1phv.fd
File: t1phv.fd 2001/06/04 scalable font definitions for T1/phv.
)
LaTeX Font Info:    Font shape `T1/phv/bx/n' in size <17.28> not available
(Font)              Font shape `T1/phv/b/n' tried instead on input line 16.
LaTeX Font Info:    Font shape `T1/ptm/bx/n' in size <10.95> not available
(Font)              Font shape `T1/ptm/b/n' tried instead on input line 16.
LaTeX Font Info:    Font shape `T1/phv/bx/n' in size <10.95> not available
(Font)              Font shape `T1/phv/b/n' tried instead on input line 16.
LaTeX Font Info:    Try loading font information for OMS+ptm on input line 16.

(/usr/local/texlive/2015/texmf-dist/tex/latex/psnfss/omsptm.fd
File: omsptm.fd 
)
LaTeX Font Info:    Font shape `OMS/ptm/m/n' in size <8> not available
(Font)              Font shape `OMS/cmsy/m/n' tried instead on input line 16.
LaTeX Font Info:    Font shape `T1/phv/bx/n' in size <10> not available
(Font)              Font shape `T1/phv/b/n' tried instead on input line 16.
LaTeX Font Info:    Font shape `OT1/ptm/bx/n' in size <10> not available
(Font)              Font shape `OT1/ptm/b/n' tried instead on input line 16.
LaTeX Font Info:    Font shape `OT1/ptm/bx/n' in size <7.4> not available
(Font)              Font shape `OT1/ptm/b/n' tried instead on input line 16.
LaTeX Font Info:    Font shape `OT1/ptm/bx/n' in size <9> not available
(Font)              Font shape `OT1/ptm/b/n' tried instead on input line 16.
LaTeX Font Info:    Font shape `OT1/ptm/bx/n' in size <7> not available
(Font)              Font shape `OT1/ptm/b/n' tried instead on input line 16.
LaTeX Font Info:    Font shape `OT1/ptm/bx/n' in size <5> not available
(Font)              Font shape `OT1/ptm/b/n' tried instead on input line 16.
LaTeX Font Info:    Font shape `OMS/ptm/m/n' in size <7> not available
(Font)              Font shape `OMS/cmsy/m/n' tried instead on input line 16.
 [0

{/usr/local/texlive/2015/texmf-var/fonts/map/pdftex/updmap/pdftex.map}]
LaTeX Font Info:    Font shape `T1/ptm/bx/n' in size <12> not available
(Font)              Font shape `T1/ptm/b/n' tried instead on input line 16.

No file ScintillatorPaper.toc.
\tf@toc=\write3
\openout3 = `ScintillatorPaper.toc'.

LaTeX Font Info:    Font shape `T1/ptm/bx/n' in size <10> not available
(Font)              Font shape `T1/ptm/b/n' tried instead on input line 40.
[1] [2] [3] <graphs/Diagram_Darkbox.png, id=105, 642.4pt x 481.8pt>
File: graphs/Diagram_Darkbox.png Graphic file (type png)

<use graphs/Diagram_Darkbox.png>
Package pdftex.def Info: graphs/Diagram_Darkbox.png used on input line 142.
(pdftex.def)             Requested size: 385.44298pt x 289.08221pt.


LaTeX Warning: Citation `|' on page 4 undefined on input line 149.

[4]
<graphs/14August2013_toluene_5gL_PPO_processed_waveform_paper.pdf, id=122, 569.
12625pt x 392.46625pt>
File: graphs/14August2013_toluene_5gL_PPO_processed_waveform_paper.pdf Graphic 
file (type pdf)

<use graphs/14August2013_toluene_5gL_PPO_processed_waveform_paper.pdf>
Package pdftex.def Info: graphs/14August2013_toluene_5gL_PPO_processed_waveform
_paper.pdf used on input line 163.
(pdftex.def)             Requested size: 341.47838pt x 235.48155pt.
 [5 <./graphs/Diagram_Darkbox.png>] [6 <./graphs/14August2013_toluene_5gL_PPO_p
rocessed_waveform_paper.pdf, page is rotated 90 degrees>]
<graphs/toluene_5gL_PPO_Floats_final.pdf, id=190, 569.12625pt x 385.44pt>
File: graphs/toluene_5gL_PPO_Floats_final.pdf Graphic file (type pdf)

<use graphs/toluene_5gL_PPO_Floats_final.pdf>
Package pdftex.def Info: graphs/toluene_5gL_PPO_Floats_final.pdf used on input 
line 193.
(pdftex.def)             Requested size: 341.47838pt x 231.26578pt.

<graphs/Light_Yield/PC_Light_Yield.png, id=198, 542.025pt x 542.025pt>
File: graphs/Light_Yield/PC_Light_Yield.png Graphic file (type png)

<use graphs/Light_Yield/PC_Light_Yield.png>
Package pdftex.def Info: graphs/Light_Yield/PC_Light_Yield.png used on input li
ne 229.
(pdftex.def)             Requested size: 162.60875pt x 162.60875pt.

<graphs/Light_Yield/LAB_Light_Yield.png, id=199, 542.025pt x 542.025pt>
File: graphs/Light_Yield/LAB_Light_Yield.png Graphic file (type png)

<use graphs/Light_Yield/LAB_Light_Yield.png>
Package pdftex.def Info: graphs/Light_Yield/LAB_Light_Yield.png used on input l
ine 230.
(pdftex.def)             Requested size: 162.60875pt x 162.60875pt.

<graphs/Light_Yield/PXE_Light_Yield.png, id=200, 542.025pt x 542.025pt>
File: graphs/Light_Yield/PXE_Light_Yield.png Graphic file (type png)

<use graphs/Light_Yield/PXE_Light_Yield.png>
Package pdftex.def Info: graphs/Light_Yield/PXE_Light_Yield.png used on input l
ine 231.
(pdftex.def)             Requested size: 162.60875pt x 162.60875pt.

<graphs/Light_Yield/DIN_Light_Yield.png, id=201, 542.025pt x 542.025pt>
File: graphs/Light_Yield/DIN_Light_Yield.png Graphic file (type png)

<use graphs/Light_Yield/DIN_Light_Yield.png>
Package pdftex.def Info: graphs/Light_Yield/DIN_Light_Yield.png used on input l
ine 232.
(pdftex.def)             Requested size: 162.60875pt x 162.60875pt.

<graphs/Light_Yield/DIN_HP_Light_Yield.png, id=202, 542.025pt x 542.025pt>
File: graphs/Light_Yield/DIN_HP_Light_Yield.png Graphic file (type png)

<use graphs/Light_Yield/DIN_HP_Light_Yield.png>
Package pdftex.def Info: graphs/Light_Yield/DIN_HP_Light_Yield.png used on inpu
t line 233.
(pdftex.def)             Requested size: 162.60875pt x 162.60875pt.

<graphs/Light_Yield/PCH_Light_Yield.png, id=203, 542.025pt x 542.025pt>
File: graphs/Light_Yield/PCH_Light_Yield.png Graphic file (type png)

<use graphs/Light_Yield/PCH_Light_Yield.png>
Package pdftex.def Info: graphs/Light_Yield/PCH_Light_Yield.png used on input l
ine 234.
(pdftex.def)             Requested size: 162.60875pt x 162.60875pt.

<graphs/Light_Yield/Toluene2014_Light_Yield.png, id=206, 406.51875pt x 406.5187
5pt>
File: graphs/Light_Yield/Toluene2014_Light_Yield.png Graphic file (type png)
 <use graphs/Light_Yield/Toluene2014_Light_Yield.png>
Package pdftex.def Info: graphs/Light_Yield/Toluene2014_Light_Yield.png used on
 input line 242.
(pdftex.def)             Requested size: 121.95656pt x 121.95656pt.

<graphs/Light_Yield/QDots_Light_Yield.png, id=209, 542.025pt x 542.025pt>
File: graphs/Light_Yield/QDots_Light_Yield.png Graphic file (type png)

<use graphs/Light_Yield/QDots_Light_Yield.png>
Package pdftex.def Info: graphs/Light_Yield/QDots_Light_Yield.png used on input
 line 253.
(pdftex.def)             Requested size: 162.60875pt x 162.60875pt.
 [7] [8 <./graphs/toluene_5gL_PPO_Floats_final.pdf, page is rotated 90 degrees>
]

LaTeX Warning: Citation `?' on page 9 undefined on input line 270.

<graphs/Emission_Absorption/NN_Labs_Abs.png, id=281, 542.025pt x 542.025pt>
File: graphs/Emission_Absorption/NN_Labs_Abs.png Graphic file (type png)

<use graphs/Emission_Absorption/NN_Labs_Abs.png>
Package pdftex.def Info: graphs/Emission_Absorption/NN_Labs_Abs.png used on inp
ut line 279.
(pdftex.def)             Requested size: 157.18321pt x 157.18321pt.

<graphs/Emission_Absorption/mkNano_Abs.png, id=282, 542.025pt x 542.025pt>
File: graphs/Emission_Absorption/mkNano_Abs.png Graphic file (type png)

<use graphs/Emission_Absorption/mkNano_Abs.png>
Package pdftex.def Info: graphs/Emission_Absorption/mkNano_Abs.png used on inpu
t line 280.
(pdftex.def)             Requested size: 157.18321pt x 157.18321pt.

<graphs/Emission_Absorption/Ocean_NanoTech_Abs.png, id=283, 542.025pt x 542.025
pt>
File: graphs/Emission_Absorption/Ocean_NanoTech_Abs.png Graphic file (type png)

 <use graphs/Emission_Absorption/Ocean_NanoTech_Abs.png>
Package pdftex.def Info: graphs/Emission_Absorption/Ocean_NanoTech_Abs.png used
 on input line 281.
(pdftex.def)             Requested size: 157.18321pt x 157.18321pt.

<graphs/Emission_Absorption/Crystalplex_Abs.png, id=284, 542.025pt x 542.025pt>
File: graphs/Emission_Absorption/Crystalplex_Abs.png Graphic file (type png)
<use graphs/Emission_Absorption/Crystalplex_Abs.png>
Package pdftex.def Info: graphs/Emission_Absorption/Crystalplex_Abs.png used on
 input line 282.
(pdftex.def)             Requested size: 157.18321pt x 157.18321pt.

<graphs/Emission_Absorption/NNLabs_360nm_Emi.png, id=287, 542.025pt x 542.025pt
>
File: graphs/Emission_Absorption/NNLabs_360nm_Emi.png Graphic file (type png)
 <use graphs/Emission_Absorption/NNLabs_360nm_Emi.png>
Package pdftex.def Info: graphs/Emission_Absorption/NNLabs_360nm_Emi.png used o
n input line 289.
(pdftex.def)             Requested size: 151.76596pt x 151.76596pt.

<graphs/Emission_Absorption/NNLabs_400nm_Emi.png, id=288, 542.025pt x 542.025pt
>
File: graphs/Emission_Absorption/NNLabs_400nm_Emi.png Graphic file (type png)
 <use graphs/Emission_Absorption/NNLabs_400nm_Emi.png>
Package pdftex.def Info: graphs/Emission_Absorption/NNLabs_400nm_Emi.png used o
n input line 290.
(pdftex.def)             Requested size: 151.76596pt x 151.76596pt.

<graphs/Emission_Absorption/mkNano_360nm_Emi.png, id=289, 542.025pt x 542.025pt
>
File: graphs/Emission_Absorption/mkNano_360nm_Emi.png Graphic file (type png)
 <use graphs/Emission_Absorption/mkNano_360nm_Emi.png>
Package pdftex.def Info: graphs/Emission_Absorption/mkNano_360nm_Emi.png used o
n input line 291.
(pdftex.def)             Requested size: 151.76596pt x 151.76596pt.

<graphs/Emission_Absorption/mkNano_380nm_Emi.png, id=290, 542.025pt x 542.025pt
>
File: graphs/Emission_Absorption/mkNano_380nm_Emi.png Graphic file (type png)
 <use graphs/Emission_Absorption/mkNano_380nm_Emi.png>
Package pdftex.def Info: graphs/Emission_Absorption/mkNano_380nm_Emi.png used o
n input line 292.
(pdftex.def)             Requested size: 151.76596pt x 151.76596pt.

<graphs/Emission_Absorption/mkNano_400nm_Emi.png, id=291, 542.025pt x 542.025pt
>
File: graphs/Emission_Absorption/mkNano_400nm_Emi.png Graphic file (type png)
 <use graphs/Emission_Absorption/mkNano_400nm_Emi.png>
Package pdftex.def Info: graphs/Emission_Absorption/mkNano_400nm_Emi.png used o
n input line 293.
(pdftex.def)             Requested size: 151.76596pt x 151.76596pt.

<graphs/Emission_Absorption/Ocean_NanoTech_400nm_Emi.png, id=292, 542.025pt x 5
42.025pt>
File: graphs/Emission_Absorption/Ocean_NanoTech_400nm_Emi.png Graphic file (typ
e png)
 <use graphs/Emission_Absorption/Ocean_NanoTech_400nm_Emi.png>
Package pdftex.def Info: graphs/Emission_Absorption/Ocean_NanoTech_400nm_Emi.pn
g used on input line 294.
(pdftex.def)             Requested size: 151.76596pt x 151.76596pt.

<graphs/Emission_Absorption/Ocean_NanoTech_425nm_Emi.png, id=293, 542.025pt x 5
42.025pt>
File: graphs/Emission_Absorption/Ocean_NanoTech_425nm_Emi.png Graphic file (typ
e png)
 <use graphs/Emission_Absorption/Ocean_NanoTech_425nm_Emi.png>
Package pdftex.def Info: graphs/Emission_Absorption/Ocean_NanoTech_425nm_Emi.pn
g used on input line 295.
(pdftex.def)             Requested size: 151.76596pt x 151.76596pt.

<graphs/Emission_Absorption/Crystalplex_Emi.png, id=294, 542.025pt x 542.025pt>
File: graphs/Emission_Absorption/Crystalplex_Emi.png Graphic file (type png)
<use graphs/Emission_Absorption/Crystalplex_Emi.png>
Package pdftex.def Info: graphs/Emission_Absorption/Crystalplex_Emi.png used on
 input line 296.
(pdftex.def)             Requested size: 151.76596pt x 151.76596pt.


LaTeX Warning: Float too large for page by 100.92685pt on input line 299.

[9] [10] [11] [12 <./graphs/Light_Yield/PC_Light_Yield.png> <./graphs/Light_Yie
ld/LAB_Light_Yield.png> <./graphs/Light_Yield/PXE_Light_Yield.png> <./graphs/Li
ght_Yield/DIN_Light_Yield.png> <./graphs/Light_Yield/DIN_HP_Light_Yield.png> <.
/graphs/Light_Yield/PCH_Light_Yield.png>] [13 <./graphs/Light_Yield/Toluene2014
_Light_Yield.png> <./graphs/Light_Yield/QDots_Light_Yield.png>] [14 <./graphs/E
mission_Absorption/NN_Labs_Abs.png> <./graphs/Emission_Absorption/mkNano_Abs.pn
g> <./graphs/Emission_Absorption/Ocean_NanoTech_Abs.png> <./graphs/Emission_Abs
orption/Crystalplex_Abs.png>] [15 <./graphs/Emission_Absorption/NNLabs_360nm_Em
i.png> <./graphs/Emission_Absorption/NNLabs_400nm_Emi.png> <./graphs/Emission_A
bsorption/mkNano_360nm_Emi.png> <./graphs/Emission_Absorption/mkNano_380nm_Emi.
png> <./graphs/Emission_Absorption/mkNano_400nm_Emi.png> <./graphs/Emission_Abs
orption/Ocean_NanoTech_400nm_Emi.png> <./graphs/Emission_Absorption/Ocean_NanoT
ech_425nm_Emi.png> <./graphs/Emission_Absorption/Crystalplex_Emi.png>]
(./ScintillatorPaper.aux)

LaTeX Warning: There were undefined references.


LaTeX Warning: Label(s) may have changed. Rerun to get cross-references right.

 ) 
Here is how much of TeX's memory you used:
 3212 strings out of 493089
 44258 string characters out of 6134842
 105482 words of memory out of 5000000
 6473 multiletter control sequences out of 15000+600000
 89015 words of font info for 145 fonts, out of 8000000 for 9000
 1141 hyphenation exceptions out of 8191
 38i,18n,28p,1452b,359s stack positions out of 5000i,500n,10000p,200000b,80000s
{/usr/local/texlive/2015/texmf-dist/fonts/enc/dvips/base/8r.enc}</usr/local/t
exlive/2015/texmf-dist/fonts/type1/public/amsfonts/cm/cmex10.pfb></usr/local/te
xlive/2015/texmf-dist/fonts/type1/public/amsfonts/cm/cmmi10.pfb></usr/local/tex
live/2015/texmf-dist/fonts/type1/public/amsfonts/cm/cmr10.pfb></usr/local/texli
ve/2015/texmf-dist/fonts/type1/public/amsfonts/cm/cmsy10.pfb></usr/local/texliv
e/2015/texmf-dist/fonts/type1/public/amsfonts/cm/cmsy7.pfb></usr/local/texlive/
2015/texmf-dist/fonts/type1/public/amsfonts/cm/cmsy8.pfb></usr/local/texlive/20
15/texmf-dist/fonts/type1/urw/courier/ucrr8a.pfb></usr/local/texlive/2015/texmf
-dist/fonts/type1/urw/helvetic/uhvb8a.pfb></usr/local/texlive/2015/texmf-dist/f
onts/type1/urw/symbol/usyr.pfb></usr/local/texlive/2015/texmf-dist/fonts/type1/
urw/times/utmb8a.pfb></usr/local/texlive/2015/texmf-dist/fonts/type1/urw/times/
utmr8a.pfb></usr/local/texlive/2015/texmf-dist/fonts/type1/urw/times/utmri8a.pf
b>
Output written on ScintillatorPaper.pdf (16 pages, 297402 bytes).
PDF statistics:
 441 PDF objects out of 1000 (max. 8388607)
 309 compressed objects within 4 object streams
 105 named destinations out of 1000 (max. 500000)
 116 words of extra memory for PDF output out of 10000 (max. 10000000)

